2020-04-21 19:58:26.923 [QuartzScheduler_quartzScheduler-PCOS-2019EYIZMC1587470305527_MisfireHandler] ERROR o.s.scheduling.quartz.LocalDataSourceJobStore - MisfireHandler: Error handling misfires: Couldn't store trigger 'demo-operation.InitBossDataJob' for 'demo-operation.InitBossDataJob' job:Couldn't retrieve job because a required class was not found: com.demo.demooperation.task.InitBossDataJob
org.quartz.JobPersistenceException: Couldn't store trigger 'demo-operation.InitBossDataJob' for 'demo-operation.InitBossDataJob' job:Couldn't retrieve job because a required class was not found: com.demo.demooperation.task.InitBossDataJob
	at org.quartz.impl.jdbcjobstore.JobStoreSupport.storeTrigger(JobStoreSupport.java:1228)
	at org.quartz.impl.jdbcjobstore.JobStoreSupport.doUpdateOfMisfiredTrigger(JobStoreSupport.java:1042)
	at org.quartz.impl.jdbcjobstore.JobStoreSupport.recoverMisfiredJobs(JobStoreSupport.java:991)
	at org.quartz.impl.jdbcjobstore.JobStoreSupport.doRecoverMisfires(JobStoreSupport.java:3264)
	at org.quartz.impl.jdbcjobstore.JobStoreSupport$MisfireHandler.manage(JobStoreSupport.java:4012)
	at org.quartz.impl.jdbcjobstore.JobStoreSupport$MisfireHandler.run(JobStoreSupport.java:4033)
Caused by: org.quartz.JobPersistenceException: Couldn't retrieve job because a required class was not found: com.demo.demooperation.task.InitBossDataJob
	at org.quartz.impl.jdbcjobstore.JobStoreSupport.retrieveJob(JobStoreSupport.java:1393)
	at org.quartz.impl.jdbcjobstore.JobStoreSupport.storeTrigger(JobStoreSupport.java:1210)
	... 5 common frames omitted
Caused by: java.lang.ClassNotFoundException: com.demo.demooperation.task.InitBossDataJob
	at java.base/jdk.internal.loader.BuiltinClassLoader.loadClass(BuiltinClassLoader.java:583)
	at java.base/jdk.internal.loader.ClassLoaders$AppClassLoader.loadClass(ClassLoaders.java:178)
	at java.base/java.lang.ClassLoader.loadClass(ClassLoader.java:521)
	at java.base/java.lang.Class.forName0(Native Method)
	at java.base/java.lang.Class.forName(Class.java:398)
	at org.springframework.util.ClassUtils.forName(ClassUtils.java:282)
	at org.springframework.scheduling.quartz.ResourceLoaderClassLoadHelper.loadClass(ResourceLoaderClassLoadHelper.java:81)
	at org.springframework.scheduling.quartz.ResourceLoaderClassLoadHelper.loadClass(ResourceLoaderClassLoadHelper.java:87)
	at org.quartz.impl.jdbcjobstore.StdJDBCDelegate.selectJobDetail(StdJDBCDelegate.java:852)
	at org.quartz.impl.jdbcjobstore.JobStoreSupport.retrieveJob(JobStoreSupport.java:1390)
	... 6 common frames omitted
2020-04-21 19:58:29.471 [main] ERROR o.s.b.diagnostics.LoggingFailureAnalysisReporter - 

***************************
APPLICATION FAILED TO START
***************************

Description:

A component required a bean of type 'com.demo.demooperation.service.DemoOperationSellerQrCodeConfigService' that could not be found.


Action:

Consider defining a bean of type 'com.demo.demooperation.service.DemoOperationSellerQrCodeConfigService' in your configuration.

2020-04-21 20:39:14.354 [QuartzScheduler_quartzScheduler-PCOS-2019EYIZMC1587472753135_MisfireHandler] ERROR o.s.scheduling.quartz.LocalDataSourceJobStore - MisfireHandler: Error handling misfires: Couldn't store trigger 'demo-operation.InitBossDataJob' for 'demo-operation.InitBossDataJob' job:Couldn't retrieve job because a required class was not found: com.demo.demooperation.task.InitBossDataJob
org.quartz.JobPersistenceException: Couldn't store trigger 'demo-operation.InitBossDataJob' for 'demo-operation.InitBossDataJob' job:Couldn't retrieve job because a required class was not found: com.demo.demooperation.task.InitBossDataJob
	at org.quartz.impl.jdbcjobstore.JobStoreSupport.storeTrigger(JobStoreSupport.java:1228)
	at org.quartz.impl.jdbcjobstore.JobStoreSupport.doUpdateOfMisfiredTrigger(JobStoreSupport.java:1042)
	at org.quartz.impl.jdbcjobstore.JobStoreSupport.recoverMisfiredJobs(JobStoreSupport.java:991)
	at org.quartz.impl.jdbcjobstore.JobStoreSupport.doRecoverMisfires(JobStoreSupport.java:3264)
	at org.quartz.impl.jdbcjobstore.JobStoreSupport$MisfireHandler.manage(JobStoreSupport.java:4012)
	at org.quartz.impl.jdbcjobstore.JobStoreSupport$MisfireHandler.run(JobStoreSupport.java:4033)
Caused by: org.quartz.JobPersistenceException: Couldn't retrieve job because a required class was not found: com.demo.demooperation.task.InitBossDataJob
	at org.quartz.impl.jdbcjobstore.JobStoreSupport.retrieveJob(JobStoreSupport.java:1393)
	at org.quartz.impl.jdbcjobstore.JobStoreSupport.storeTrigger(JobStoreSupport.java:1210)
	... 5 common frames omitted
Caused by: java.lang.ClassNotFoundException: com.demo.demooperation.task.InitBossDataJob
	at java.base/jdk.internal.loader.BuiltinClassLoader.loadClass(BuiltinClassLoader.java:583)
	at java.base/jdk.internal.loader.ClassLoaders$AppClassLoader.loadClass(ClassLoaders.java:178)
	at java.base/java.lang.ClassLoader.loadClass(ClassLoader.java:521)
	at java.base/java.lang.Class.forName0(Native Method)
	at java.base/java.lang.Class.forName(Class.java:398)
	at org.springframework.util.ClassUtils.forName(ClassUtils.java:282)
	at org.springframework.scheduling.quartz.ResourceLoaderClassLoadHelper.loadClass(ResourceLoaderClassLoadHelper.java:81)
	at org.springframework.scheduling.quartz.ResourceLoaderClassLoadHelper.loadClass(ResourceLoaderClassLoadHelper.java:87)
	at org.quartz.impl.jdbcjobstore.StdJDBCDelegate.selectJobDetail(StdJDBCDelegate.java:852)
	at org.quartz.impl.jdbcjobstore.JobStoreSupport.retrieveJob(JobStoreSupport.java:1390)
	... 6 common frames omitted
2020-04-21 20:40:31.873 [QuartzScheduler_quartzScheduler-PCOS-2019EYIZMC1587472830723_MisfireHandler] ERROR o.s.scheduling.quartz.LocalDataSourceJobStore - MisfireHandler: Error handling misfires: Couldn't store trigger 'demo-operation.InitBossDataJob' for 'demo-operation.InitBossDataJob' job:Couldn't retrieve job because a required class was not found: com.demo.demooperation.task.InitBossDataJob
org.quartz.JobPersistenceException: Couldn't store trigger 'demo-operation.InitBossDataJob' for 'demo-operation.InitBossDataJob' job:Couldn't retrieve job because a required class was not found: com.demo.demooperation.task.InitBossDataJob
	at org.quartz.impl.jdbcjobstore.JobStoreSupport.storeTrigger(JobStoreSupport.java:1228)
	at org.quartz.impl.jdbcjobstore.JobStoreSupport.doUpdateOfMisfiredTrigger(JobStoreSupport.java:1042)
	at org.quartz.impl.jdbcjobstore.JobStoreSupport.recoverMisfiredJobs(JobStoreSupport.java:991)
	at org.quartz.impl.jdbcjobstore.JobStoreSupport.doRecoverMisfires(JobStoreSupport.java:3264)
	at org.quartz.impl.jdbcjobstore.JobStoreSupport$MisfireHandler.manage(JobStoreSupport.java:4012)
	at org.quartz.impl.jdbcjobstore.JobStoreSupport$MisfireHandler.run(JobStoreSupport.java:4033)
Caused by: org.quartz.JobPersistenceException: Couldn't retrieve job because a required class was not found: com.demo.demooperation.task.InitBossDataJob
	at org.quartz.impl.jdbcjobstore.JobStoreSupport.retrieveJob(JobStoreSupport.java:1393)
	at org.quartz.impl.jdbcjobstore.JobStoreSupport.storeTrigger(JobStoreSupport.java:1210)
	... 5 common frames omitted
Caused by: java.lang.ClassNotFoundException: com.demo.demooperation.task.InitBossDataJob
	at java.base/jdk.internal.loader.BuiltinClassLoader.loadClass(BuiltinClassLoader.java:583)
	at java.base/jdk.internal.loader.ClassLoaders$AppClassLoader.loadClass(ClassLoaders.java:178)
	at java.base/java.lang.ClassLoader.loadClass(ClassLoader.java:521)
	at java.base/java.lang.Class.forName0(Native Method)
	at java.base/java.lang.Class.forName(Class.java:398)
	at org.springframework.util.ClassUtils.forName(ClassUtils.java:282)
	at org.springframework.scheduling.quartz.ResourceLoaderClassLoadHelper.loadClass(ResourceLoaderClassLoadHelper.java:81)
	at org.springframework.scheduling.quartz.ResourceLoaderClassLoadHelper.loadClass(ResourceLoaderClassLoadHelper.java:87)
	at org.quartz.impl.jdbcjobstore.StdJDBCDelegate.selectJobDetail(StdJDBCDelegate.java:852)
	at org.quartz.impl.jdbcjobstore.JobStoreSupport.retrieveJob(JobStoreSupport.java:1390)
	... 6 common frames omitted
2020-04-21 20:44:31.888 [QuartzScheduler_quartzScheduler-PCOS-2019EYIZMC1587472830723_MisfireHandler] ERROR o.s.scheduling.quartz.LocalDataSourceJobStore - MisfireHandler: Error handling misfires: Couldn't store trigger 'demo-operation.InitBossDataJob' for 'demo-operation.InitBossDataJob' job:Couldn't retrieve job because a required class was not found: com.demo.demooperation.task.InitBossDataJob
org.quartz.JobPersistenceException: Couldn't store trigger 'demo-operation.InitBossDataJob' for 'demo-operation.InitBossDataJob' job:Couldn't retrieve job because a required class was not found: com.demo.demooperation.task.InitBossDataJob
	at org.quartz.impl.jdbcjobstore.JobStoreSupport.storeTrigger(JobStoreSupport.java:1228)
	at org.quartz.impl.jdbcjobstore.JobStoreSupport.doUpdateOfMisfiredTrigger(JobStoreSupport.java:1042)
	at org.quartz.impl.jdbcjobstore.JobStoreSupport.recoverMisfiredJobs(JobStoreSupport.java:991)
	at org.quartz.impl.jdbcjobstore.JobStoreSupport.doRecoverMisfires(JobStoreSupport.java:3264)
	at org.quartz.impl.jdbcjobstore.JobStoreSupport$MisfireHandler.manage(JobStoreSupport.java:4012)
	at org.quartz.impl.jdbcjobstore.JobStoreSupport$MisfireHandler.run(JobStoreSupport.java:4033)
Caused by: org.quartz.JobPersistenceException: Couldn't retrieve job because a required class was not found: com.demo.demooperation.task.InitBossDataJob
	at org.quartz.impl.jdbcjobstore.JobStoreSupport.retrieveJob(JobStoreSupport.java:1393)
	at org.quartz.impl.jdbcjobstore.JobStoreSupport.storeTrigger(JobStoreSupport.java:1210)
	... 5 common frames omitted
Caused by: java.lang.ClassNotFoundException: com.demo.demooperation.task.InitBossDataJob
	at java.base/jdk.internal.loader.BuiltinClassLoader.loadClass(BuiltinClassLoader.java:583)
	at java.base/jdk.internal.loader.ClassLoaders$AppClassLoader.loadClass(ClassLoaders.java:178)
	at java.base/java.lang.ClassLoader.loadClass(ClassLoader.java:521)
	at java.base/java.lang.Class.forName0(Native Method)
	at java.base/java.lang.Class.forName(Class.java:398)
	at org.springframework.util.ClassUtils.forName(ClassUtils.java:282)
	at org.springframework.scheduling.quartz.ResourceLoaderClassLoadHelper.loadClass(ResourceLoaderClassLoadHelper.java:81)
	at org.springframework.scheduling.quartz.ResourceLoaderClassLoadHelper.loadClass(ResourceLoaderClassLoadHelper.java:87)
	at org.quartz.impl.jdbcjobstore.StdJDBCDelegate.selectJobDetail(StdJDBCDelegate.java:852)
	at org.quartz.impl.jdbcjobstore.JobStoreSupport.retrieveJob(JobStoreSupport.java:1390)
	... 6 common frames omitted
