2020-04-21 19:58:19.847 [main] WARN  o.s.c.b.c.PropertySourceBootstrapConfiguration - Error opening logging config file classpath:config/logback-boot.xml
java.lang.IllegalStateException: Logback configuration error detected: 
ERROR in ch.qos.logback.classic.joran.action.ContextNameAction - Failed to rename context [nacos] as [logback] java.lang.IllegalStateException: Context has been already given a name
	at org.springframework.boot.logging.logback.LogbackLoggingSystem.loadConfiguration(LogbackLoggingSystem.java:169)
	at org.springframework.boot.logging.AbstractLoggingSystem.initializeWithSpecificConfig(AbstractLoggingSystem.java:66)
	at org.springframework.boot.logging.AbstractLoggingSystem.initialize(AbstractLoggingSystem.java:57)
	at org.springframework.boot.logging.logback.LogbackLoggingSystem.initialize(LogbackLoggingSystem.java:118)
	at org.springframework.cloud.bootstrap.config.PropertySourceBootstrapConfiguration.reinitializeLoggingSystem(PropertySourceBootstrapConfiguration.java:137)
	at org.springframework.cloud.bootstrap.config.PropertySourceBootstrapConfiguration.initialize(PropertySourceBootstrapConfiguration.java:114)
	at org.springframework.boot.SpringApplication.applyInitializers(SpringApplication.java:626)
	at org.springframework.boot.SpringApplication.prepareContext(SpringApplication.java:370)
	at org.springframework.boot.SpringApplication.run(SpringApplication.java:314)
	at org.springframework.boot.SpringApplication.run(SpringApplication.java:1226)
	at org.springframework.boot.SpringApplication.run(SpringApplication.java:1215)
	at com.demo.demooperation.DemoOperationApplication.main(DemoOperationApplication.java:25)
2020-04-21 19:58:21.054 [main] WARN  o.springframework.boot.actuate.endpoint.EndpointId - Endpoint ID 'nacos-config' contains invalid characters, please migrate to a valid format.
2020-04-21 19:58:21.059 [main] WARN  o.springframework.boot.actuate.endpoint.EndpointId - Endpoint ID 'nacos-discovery' contains invalid characters, please migrate to a valid format.
2020-04-21 19:58:21.598 [main] WARN  o.springframework.boot.actuate.endpoint.EndpointId - Endpoint ID 'service-registry' contains invalid characters, please migrate to a valid format.
2020-04-21 19:58:22.882 [main] WARN  io.undertow.websockets.jsr - UT026010: Buffer pool was not set on WebSocketDeploymentInfo, the default pool will be used
2020-04-21 19:58:29.095 [main] WARN  o.s.b.w.s.c.AnnotationConfigServletWebServerApplicationContext - Exception encountered during context initialization - cancelling refresh attempt: org.springframework.beans.factory.BeanCreationException: Error creating bean with name 'sellerCache': Injection of resource dependencies failed; nested exception is org.springframework.beans.factory.NoSuchBeanDefinitionException: No qualifying bean of type 'com.demo.demooperation.service.DemoOperationSellerQrCodeConfigService' available: expected at least 1 bean which qualifies as autowire candidate. Dependency annotations: {@javax.annotation.Resource(shareable=true, lookup="", name="", description="", authenticationType=CONTAINER, type=java.lang.Object.class, mappedName="")}
2020-04-21 20:39:07.364 [main] WARN  o.s.c.b.c.PropertySourceBootstrapConfiguration - Error opening logging config file classpath:config/logback-boot.xml
java.lang.IllegalStateException: Logback configuration error detected: 
ERROR in ch.qos.logback.classic.joran.action.ContextNameAction - Failed to rename context [nacos] as [logback] java.lang.IllegalStateException: Context has been already given a name
	at org.springframework.boot.logging.logback.LogbackLoggingSystem.loadConfiguration(LogbackLoggingSystem.java:169)
	at org.springframework.boot.logging.AbstractLoggingSystem.initializeWithSpecificConfig(AbstractLoggingSystem.java:66)
	at org.springframework.boot.logging.AbstractLoggingSystem.initialize(AbstractLoggingSystem.java:57)
	at org.springframework.boot.logging.logback.LogbackLoggingSystem.initialize(LogbackLoggingSystem.java:118)
	at org.springframework.cloud.bootstrap.config.PropertySourceBootstrapConfiguration.reinitializeLoggingSystem(PropertySourceBootstrapConfiguration.java:137)
	at org.springframework.cloud.bootstrap.config.PropertySourceBootstrapConfiguration.initialize(PropertySourceBootstrapConfiguration.java:114)
	at org.springframework.boot.SpringApplication.applyInitializers(SpringApplication.java:626)
	at org.springframework.boot.SpringApplication.prepareContext(SpringApplication.java:370)
	at org.springframework.boot.SpringApplication.run(SpringApplication.java:314)
	at org.springframework.boot.SpringApplication.run(SpringApplication.java:1226)
	at org.springframework.boot.SpringApplication.run(SpringApplication.java:1215)
	at com.demo.demooperation.DemoOperationApplication.main(DemoOperationApplication.java:25)
2020-04-21 20:39:08.940 [main] WARN  o.springframework.boot.actuate.endpoint.EndpointId - Endpoint ID 'nacos-config' contains invalid characters, please migrate to a valid format.
2020-04-21 20:39:08.944 [main] WARN  o.springframework.boot.actuate.endpoint.EndpointId - Endpoint ID 'nacos-discovery' contains invalid characters, please migrate to a valid format.
2020-04-21 20:39:09.472 [main] WARN  o.springframework.boot.actuate.endpoint.EndpointId - Endpoint ID 'service-registry' contains invalid characters, please migrate to a valid format.
2020-04-21 20:39:10.662 [main] WARN  io.undertow.websockets.jsr - UT026010: Buffer pool was not set on WebSocketDeploymentInfo, the default pool will be used
2020-04-21 20:39:16.500 [main] WARN  com.netflix.config.sources.URLConfigurationSource - No URLs will be polled as dynamic configuration sources.
2020-04-21 20:39:16.507 [main] WARN  com.netflix.config.sources.URLConfigurationSource - No URLs will be polled as dynamic configuration sources.
2020-04-21 20:40:24.054 [main] WARN  o.s.c.b.c.PropertySourceBootstrapConfiguration - Error opening logging config file classpath:config/logback-boot.xml
java.lang.IllegalStateException: Logback configuration error detected: 
ERROR in ch.qos.logback.classic.joran.action.ContextNameAction - Failed to rename context [nacos] as [logback] java.lang.IllegalStateException: Context has been already given a name
	at org.springframework.boot.logging.logback.LogbackLoggingSystem.loadConfiguration(LogbackLoggingSystem.java:169)
	at org.springframework.boot.logging.AbstractLoggingSystem.initializeWithSpecificConfig(AbstractLoggingSystem.java:66)
	at org.springframework.boot.logging.AbstractLoggingSystem.initialize(AbstractLoggingSystem.java:57)
	at org.springframework.boot.logging.logback.LogbackLoggingSystem.initialize(LogbackLoggingSystem.java:118)
	at org.springframework.cloud.bootstrap.config.PropertySourceBootstrapConfiguration.reinitializeLoggingSystem(PropertySourceBootstrapConfiguration.java:137)
	at org.springframework.cloud.bootstrap.config.PropertySourceBootstrapConfiguration.initialize(PropertySourceBootstrapConfiguration.java:114)
	at org.springframework.boot.SpringApplication.applyInitializers(SpringApplication.java:626)
	at org.springframework.boot.SpringApplication.prepareContext(SpringApplication.java:370)
	at org.springframework.boot.SpringApplication.run(SpringApplication.java:314)
	at org.springframework.boot.SpringApplication.run(SpringApplication.java:1226)
	at org.springframework.boot.SpringApplication.run(SpringApplication.java:1215)
	at com.demo.demooperation.DemoOperationApplication.main(DemoOperationApplication.java:25)
2020-04-21 20:40:25.325 [main] WARN  o.springframework.boot.actuate.endpoint.EndpointId - Endpoint ID 'nacos-config' contains invalid characters, please migrate to a valid format.
2020-04-21 20:40:25.329 [main] WARN  o.springframework.boot.actuate.endpoint.EndpointId - Endpoint ID 'nacos-discovery' contains invalid characters, please migrate to a valid format.
2020-04-21 20:40:25.931 [main] WARN  o.springframework.boot.actuate.endpoint.EndpointId - Endpoint ID 'service-registry' contains invalid characters, please migrate to a valid format.
2020-04-21 20:40:27.452 [main] WARN  io.undertow.websockets.jsr - UT026010: Buffer pool was not set on WebSocketDeploymentInfo, the default pool will be used
2020-04-21 20:40:34.350 [main] WARN  com.netflix.config.sources.URLConfigurationSource - No URLs will be polled as dynamic configuration sources.
2020-04-21 20:40:34.357 [main] WARN  com.netflix.config.sources.URLConfigurationSource - No URLs will be polled as dynamic configuration sources.
